\BOOKMARK [0][-]{chapter*.1}{\376\377\000D\000e\000c\000l\000a\000r\000a\000t\000i\000o\000n}{}% 1
\BOOKMARK [0][-]{chapter*.2}{\376\377\000A\000b\000s\000t\000r\000a\000c\000t}{}% 2
\BOOKMARK [0][-]{chapter*.4}{\376\377\000L\000i\000s\000t\000\040\000o\000f\000\040\000F\000i\000g\000u\000r\000e\000s}{}% 3
\BOOKMARK [0][-]{chapter*.5}{\376\377\000L\000i\000s\000t\000\040\000o\000f\000\040\000T\000a\000b\000l\000e\000s}{}% 4
\BOOKMARK [0][-]{chapter*.6}{\376\377\000N\000o\000m\000e\000n\000c\000l\000a\000t\000u\000r\000e}{}% 5
\BOOKMARK [0][-]{chapter.1}{\376\377\000I\000n\000t\000r\000o\000d\000u\000c\000t\000i\000o\000n}{}% 6
\BOOKMARK [1][-]{section.1.1}{\376\377\000B\000a\000c\000k\000g\000r\000o\000u\000n\000d}{chapter.1}% 7
\BOOKMARK [1][-]{section.1.2}{\376\377\000P\000r\000o\000j\000e\000c\000t\000\040\000O\000b\000j\000e\000c\000t\000i\000v\000e\000s}{chapter.1}% 8
\BOOKMARK [1][-]{section.1.3}{\376\377\000P\000r\000o\000j\000e\000c\000t\000\040\000S\000c\000o\000p\000e}{chapter.1}% 9
\BOOKMARK [1][-]{section.1.4}{\376\377\000C\000h\000a\000p\000t\000e\000r\000\040\000O\000v\000e\000r\000v\000i\000e\000w}{chapter.1}% 10
\BOOKMARK [0][-]{chapter.2}{\376\377\000L\000i\000t\000e\000r\000a\000t\000u\000r\000e\000\040\000R\000e\000v\000i\000e\000w}{}% 11
\BOOKMARK [1][-]{section.2.1}{\376\377\000B\000i\000o\000s\000e\000n\000s\000o\000r\000s}{chapter.2}% 12
\BOOKMARK [2][-]{subsection.2.1.1}{\376\377\000B\000a\000c\000k\000g\000r\000o\000u\000n\000d\000\040\000o\000n\000\040\000B\000i\000o\000m\000a\000r\000k\000e\000r\000s}{section.2.1}% 13
\BOOKMARK [2][-]{subsection.2.1.2}{\376\377\000T\000y\000p\000e\000s\000\040\000o\000f\000\040\000B\000i\000o\000s\000e\000n\000s\000o\000r\000s}{section.2.1}% 14
\BOOKMARK [2][-]{subsection.2.1.3}{\376\377\000T\000r\000a\000n\000s\000d\000u\000c\000e\000r\000\040\000M\000e\000c\000h\000a\000n\000i\000s\000m\000s}{section.2.1}% 15
\BOOKMARK [2][-]{subsection.2.1.4}{\376\377\000C\000o\000m\000p\000l\000e\000x\000\040\000I\000m\000p\000e\000d\000a\000n\000c\000e}{section.2.1}% 16
\BOOKMARK [1][-]{section.2.2}{\376\377\000S\000i\000g\000n\000a\000l\000\040\000P\000r\000o\000c\000e\000s\000s\000i\000n\000g}{chapter.2}% 17
\BOOKMARK [2][-]{subsection.2.2.1}{\376\377\000A\000n\000a\000l\000o\000g\000u\000e\000\040\000E\000l\000e\000c\000t\000r\000o\000n\000i\000c\000s}{section.2.2}% 18
\BOOKMARK [2][-]{subsection.2.2.2}{\376\377\000D\000i\000g\000i\000t\000a\000l\000\040\000P\000r\000o\000c\000e\000s\000s\000i\000n\000g}{section.2.2}% 19
\BOOKMARK [2][-]{subsection.2.2.3}{\376\377\000C\000a\000l\000c\000u\000l\000a\000t\000i\000n\000g\000\040\000I\000m\000p\000e\000d\000a\000n\000c\000e}{section.2.2}% 20
\BOOKMARK [2][-]{subsection.2.2.4}{\376\377\000E\000x\000t\000r\000a\000p\000o\000l\000a\000t\000i\000n\000g\000\040\000f\000r\000o\000m\000\040\000I\000m\000p\000e\000d\000a\000n\000c\000e\000\040\000t\000o\000\040\000C\000o\000n\000c\000e\000n\000t\000r\000a\000t\000i\000o\000n}{section.2.2}% 21
\BOOKMARK [1][-]{section.2.3}{\376\377\000I\000n\000t\000e\000r\000f\000a\000c\000e}{chapter.2}% 22
\BOOKMARK [2][-]{subsection.2.3.1}{\376\377\000E\000S\000P\0003\0002}{section.2.3}% 23
\BOOKMARK [1][-]{section.2.4}{\376\377\000R\000e\000l\000a\000t\000e\000d\000\040\000W\000o\000r\000k\000s}{chapter.2}% 24
\BOOKMARK [0][-]{chapter.3}{\376\377\000D\000e\000s\000i\000g\000n}{}% 25
\BOOKMARK [1][-]{section.3.1}{\376\377\000D\000e\000s\000i\000g\000n\000\040\000P\000h\000i\000l\000o\000s\000o\000p\000h\000y}{chapter.3}% 26
\BOOKMARK [2][-]{subsection.3.1.1}{\376\377\000U\000n\000d\000e\000r\000s\000t\000a\000n\000d\000i\000n\000g\000\040\000t\000h\000e\000\040\000e\000n\000d\000\040\000u\000s\000e\000r}{section.3.1}% 27
\BOOKMARK [2][-]{subsection.3.1.2}{\376\377\000P\000r\000o\000b\000l\000e\000m\000\040\000S\000t\000a\000t\000e\000m\000e\000n\000t}{section.3.1}% 28
\BOOKMARK [1][-]{section.3.2}{\376\377\000F\000u\000n\000c\000t\000i\000o\000n\000a\000l\000\040\000D\000e\000s\000i\000g\000n\000\040\000O\000v\000e\000r\000v\000i\000e\000w}{chapter.3}% 29
\BOOKMARK [1][-]{section.3.3}{\376\377\000S\000u\000b\000s\000y\000s\000t\000e\000m\000\040\000D\000e\000s\000i\000g\000n}{chapter.3}% 30
\BOOKMARK [2][-]{subsection.3.3.1}{\376\377\000E\000x\000c\000i\000t\000a\000t\000i\000o\000n}{section.3.3}% 31
\BOOKMARK [2][-]{subsection.3.3.2}{\376\377\000V\000o\000l\000t\000a\000g\000e\000\040\000M\000e\000a\000s\000u\000r\000e\000m\000e\000n\000t}{section.3.3}% 32
\BOOKMARK [2][-]{subsection.3.3.3}{\376\377\000C\000u\000r\000r\000e\000n\000t\000\040\000M\000e\000a\000s\000u\000r\000e\000m\000e\000n\000t}{section.3.3}% 33
\BOOKMARK [2][-]{subsection.3.3.4}{\376\377\000D\000U\000T}{section.3.3}% 34
\BOOKMARK [2][-]{subsection.3.3.5}{\376\377\000M\000u\000l\000t\000i\000p\000l\000e\000x\000e\000r}{section.3.3}% 35
\BOOKMARK [2][-]{subsection.3.3.6}{\376\377\000P\000o\000w\000e\000r\000\040\000C\000i\000r\000c\000u\000i\000t\000r\000y}{section.3.3}% 36
\BOOKMARK [2][-]{subsection.3.3.7}{\376\377\000S\000i\000g\000n\000a\000l\000\040\000P\000r\000o\000c\000e\000s\000s\000i\000n\000g}{section.3.3}% 37
\BOOKMARK [2][-]{subsection.3.3.8}{\376\377\000U\000s\000e\000r\000\040\000I\000n\000t\000e\000r\000f\000a\000c\000e}{section.3.3}% 38
\BOOKMARK [1][-]{section.3.4}{\376\377\000C\000i\000r\000c\000u\000i\000t\000\040\000S\000i\000m\000u\000l\000a\000t\000i\000o\000n}{chapter.3}% 39
\BOOKMARK [2][-]{subsection.3.4.1}{\376\377\000B\000i\000o\000s\000e\000n\000s\000o\000r}{section.3.4}% 40
\BOOKMARK [2][-]{subsection.3.4.2}{\376\377\000E\000x\000c\000i\000t\000a\000t\000i\000o\000n\000\040\000s\000t\000a\000g\000e}{section.3.4}% 41
\BOOKMARK [2][-]{subsection.3.4.3}{\376\377\000V\000o\000l\000t\000a\000g\000e\000\040\000m\000e\000a\000s\000u\000r\000e\000m\000e\000n\000t}{section.3.4}% 42
\BOOKMARK [2][-]{subsection.3.4.4}{\376\377\000C\000u\000r\000r\000e\000n\000t\000\040\000m\000e\000a\000s\000u\000r\000e\000m\000e\000n\000t}{section.3.4}% 43
\BOOKMARK [2][-]{subsection.3.4.5}{\376\377\000C\000o\000m\000p\000l\000e\000t\000e\000\040\000S\000y\000s\000t\000e\000m}{section.3.4}% 44
\BOOKMARK [1][-]{section.3.5}{\376\377\000P\000C\000B\000\040\000D\000e\000s\000i\000g\000n}{chapter.3}% 45
\BOOKMARK [1][-]{section.3.6}{\376\377\000F\000i\000r\000m\000w\000a\000r\000e\000\040\000D\000e\000s\000i\000g\000n}{chapter.3}% 46
\BOOKMARK [2][-]{subsection.3.6.1}{\376\377\000E\000S\000P}{section.3.6}% 47
\BOOKMARK [2][-]{subsection.3.6.2}{\376\377\000S\000T\000M}{section.3.6}% 48
\BOOKMARK [0][-]{chapter.4}{\376\377\000T\000e\000s\000t\000i\000n\000g\000\040\000\046\000\040\000V\000a\000l\000i\000d\000a\000t\000i\000o\000n}{}% 49
\BOOKMARK [1][-]{section.4.1}{\376\377\000P\000C\000B\000\040\000T\000e\000s\000t\000i\000n\000g}{chapter.4}% 50
\BOOKMARK [2][-]{subsection.4.1.1}{\376\377\000V\000o\000l\000t\000a\000g\000e\000\040\000R\000e\000f\000e\000r\000e\000n\000c\000e\000\040\000L\000o\000a\000d\000\040\000T\000e\000s\000t\000i\000n\000g}{section.4.1}% 51
\BOOKMARK [2][-]{subsection.4.1.2}{\376\377\000E\000x\000c\000i\000t\000a\000t\000i\000o\000n\000\040\000S\000t\000a\000g\000e\000\040\000T\000e\000s\000t\000i\000n\000g}{section.4.1}% 52
\BOOKMARK [2][-]{subsection.4.1.3}{\376\377\000V\000o\000l\000t\000a\000g\000e\000\040\000M\000e\000a\000s\000u\000r\000e\000m\000e\000n\000t\000\040\000T\000e\000s\000t\000i\000n\000g}{section.4.1}% 53
\BOOKMARK [2][-]{subsection.4.1.4}{\376\377\000C\000u\000r\000r\000e\000n\000t\000\040\000M\000e\000a\000s\000u\000r\000e\000m\000e\000n\000t\000\040\000T\000e\000s\000t\000i\000n\000g}{section.4.1}% 54
\BOOKMARK [2][-]{subsection.4.1.5}{\376\377\000M\000u\000l\000t\000i\000p\000l\000e\000x\000i\000n\000g\000\040\000T\000e\000s\000t\000i\000n\000g}{section.4.1}% 55
\BOOKMARK [2][-]{subsection.4.1.6}{\376\377\000C\000o\000m\000p\000l\000e\000t\000e\000\040\000S\000y\000s\000t\000e\000m\000\040\000T\000e\000s\000t\000\040\000W\000i\000t\000h\000o\000u\000t\000\040\000\046\000\040\000W\000i\000t\000h\000\040\000M\000C\000U}{section.4.1}% 56
\BOOKMARK [1][-]{section.4.2}{\376\377\000V\000a\000l\000i\000d\000a\000t\000i\000o\000n}{chapter.4}% 57
\BOOKMARK [2][-]{subsection.4.2.1}{\376\377\000T\000e\000s\000t\000\040\000o\000n\000\040\000C\000a\000l\000i\000b\000r\000a\000t\000i\000o\000n\000\040\000C\000e\000l\000l}{section.4.2}% 58
\BOOKMARK [2][-]{subsection.4.2.2}{\376\377\000T\000e\000s\000t\000\040\000o\000n\000\040\000S\000a\000l\000i\000n\000e\000\040\000S\000o\000l\000u\000t\000i\000o\000n}{section.4.2}% 59
\BOOKMARK [2][-]{subsection.4.2.3}{\376\377\000D\000i\000s\000c\000u\000s\000s\000i\000o\000n\000\040\000o\000f\000\040\000R\000e\000s\000u\000l\000t\000s}{section.4.2}% 60
\BOOKMARK [0][-]{chapter.5}{\376\377\000S\000u\000m\000m\000a\000r\000y\000\040\000a\000n\000d\000\040\000C\000o\000n\000c\000l\000u\000s\000i\000o\000n}{}% 61
\BOOKMARK [0][-]{chapter*.33}{\376\377\000B\000i\000b\000l\000i\000o\000g\000r\000a\000p\000h\000y}{}% 62
\BOOKMARK [0][-]{appendix.A}{\376\377\000P\000r\000o\000j\000e\000c\000t\000\040\000P\000l\000a\000n\000n\000i\000n\000g\000\040\000S\000c\000h\000e\000d\000u\000l\000e}{}% 63
\BOOKMARK [0][-]{appendix.B}{\376\377\000O\000u\000t\000c\000o\000m\000e\000s\000\040\000C\000o\000m\000p\000l\000i\000a\000n\000c\000e}{}% 64
